<?xml version="1.0" encoding="UTF-8"?>
<!-- Generated by org.testng.reporters.JUnitXMLReporter -->
<testsuite ignored="0" hostname="DESKTOP-FNFFNO2" failures="0" tests="2" name="Default test" time="122.217" errors="0" timestamp="2020-11-06T16:38:53 IST">
  <testcase classname="tenxertech.autoTesting.SolarBatteryChargerTest" name="SolarBatteryChargerConfigTest" time="86.089"/>
  <testcase classname="tenxertech.autoTesting.SolarBatteryChargerTest" name="SolarBatteryChargerLiveStreamTest" time="8.058"/>
</testsuite> <!-- Default test -->
