<?xml version="1.0" encoding="UTF-8"?>
<testng-results ignored="0" total="1" passed="0" failed="1" skipped="0">
  <reporter-output>
  </reporter-output>
  <suite started-at="2020-10-26T14:26:53 IST" name="Default suite" finished-at="2020-10-26T14:28:51 IST" duration-ms="117444">
    <groups>
    </groups>
    <test started-at="2020-10-26T14:26:53 IST" name="Default test" finished-at="2020-10-26T14:28:51 IST" duration-ms="117444">
      <class name="tenxertech.autoTesting.SolarBatteryChargerDeviceTest">
        <test-method is-config="true" signature="setup()[pri:0, instance:tenxertech.autoTesting.SolarBatteryChargerDeviceTest@306f16f3]" started-at="2020-10-26T14:26:53 IST" name="setup" finished-at="2020-10-26T14:27:10 IST" duration-ms="16259" status="PASS">
          <reporter-output>
          </reporter-output>
        </test-method> <!-- setup -->
        <test-method signature="SolarBatteryChargerDeviceCheck()[pri:0, instance:tenxertech.autoTesting.SolarBatteryChargerDeviceTest@306f16f3]" started-at="2020-10-26T14:27:10 IST" name="SolarBatteryChargerDeviceCheck" finished-at="2020-10-26T14:28:50 IST" duration-ms="100537" status="FAIL">
          <exception class="java.lang.AssertionError">
            <message>
              <![CDATA[expected [true] but found [false]]]>
            </message>
            <full-stacktrace>
              <![CDATA[java.lang.AssertionError: expected [true] but found [false]
at org.testng.Assert.fail(Assert.java:99)
at org.testng.Assert.failNotEquals(Assert.java:1037)
at org.testng.Assert.assertTrue(Assert.java:45)
at org.testng.Assert.assertTrue(Assert.java:55)
at tenxertech.autoTesting.SolarBatteryChargerDeviceTest.SolarBatteryChargerDeviceCheck(SolarBatteryChargerDeviceTest.java:96)
at java.base/jdk.internal.reflect.NativeMethodAccessorImpl.invoke0(Native Method)
at java.base/jdk.internal.reflect.NativeMethodAccessorImpl.invoke(NativeMethodAccessorImpl.java:62)
at java.base/jdk.internal.reflect.DelegatingMethodAccessorImpl.invoke(DelegatingMethodAccessorImpl.java:43)
at java.base/java.lang.reflect.Method.invoke(Method.java:564)
at org.testng.internal.MethodInvocationHelper.invokeMethod(MethodInvocationHelper.java:132)
at org.testng.internal.TestInvoker.invokeMethod(TestInvoker.java:599)
at org.testng.internal.TestInvoker.invokeTestMethod(TestInvoker.java:174)
at org.testng.internal.MethodRunner.runInSequence(MethodRunner.java:46)
at org.testng.internal.TestInvoker$MethodInvocationAgent.invoke(TestInvoker.java:822)
at org.testng.internal.TestInvoker.invokeTestMethods(TestInvoker.java:147)
at org.testng.internal.TestMethodWorker.invokeTestMethods(TestMethodWorker.java:146)
at org.testng.internal.TestMethodWorker.run(TestMethodWorker.java:128)
at java.base/java.util.ArrayList.forEach(ArrayList.java:1511)
at org.testng.TestRunner.privateRun(TestRunner.java:764)
at org.testng.TestRunner.run(TestRunner.java:585)
at org.testng.SuiteRunner.runTest(SuiteRunner.java:384)
at org.testng.SuiteRunner.runSequentially(SuiteRunner.java:378)
at org.testng.SuiteRunner.privateRun(SuiteRunner.java:337)
at org.testng.SuiteRunner.run(SuiteRunner.java:286)
at org.testng.SuiteRunnerWorker.runSuite(SuiteRunnerWorker.java:53)
at org.testng.SuiteRunnerWorker.run(SuiteRunnerWorker.java:96)
at org.testng.TestNG.runSuitesSequentially(TestNG.java:1218)
at org.testng.TestNG.runSuitesLocally(TestNG.java:1140)
at org.testng.TestNG.runSuites(TestNG.java:1069)
at org.testng.TestNG.run(TestNG.java:1037)
at org.testng.remote.AbstractRemoteTestNG.run(AbstractRemoteTestNG.java:115)
at org.testng.remote.RemoteTestNG.initAndRun(RemoteTestNG.java:251)
at org.testng.remote.RemoteTestNG.main(RemoteTestNG.java:77)
]]>
            </full-stacktrace>
          </exception> <!-- java.lang.AssertionError -->
          <reporter-output>
          </reporter-output>
        </test-method> <!-- SolarBatteryChargerDeviceCheck -->
        <test-method is-config="true" signature="destroy(org.testng.ITestResult)[pri:0, instance:tenxertech.autoTesting.SolarBatteryChargerDeviceTest@306f16f3]" started-at="2020-10-26T14:28:50 IST" name="destroy" finished-at="2020-10-26T14:28:51 IST" duration-ms="598" status="PASS">
          <params>
            <param index="0">
              <value>
                <![CDATA[[TestResult name=SolarBatteryChargerDeviceCheck status=FAILURE method=SolarBatteryChargerDeviceTest.SolarBatteryChargerDeviceCheck()[pri:0, instance:tenxertech.autoTesting.SolarBatteryChargerDeviceTest@306f16f3] output={null}]]]>
              </value>
            </param>
          </params>
          <reporter-output>
          </reporter-output>
        </test-method> <!-- destroy -->
      </class> <!-- tenxertech.autoTesting.SolarBatteryChargerDeviceTest -->
    </test> <!-- Default test -->
  </suite> <!-- Default suite -->
</testng-results>
