<?xml version="1.0" encoding="UTF-8"?>
<testng-results ignored="0" total="1" passed="0" failed="1" skipped="0">
  <reporter-output>
    <line>
      <![CDATA[<br>  <img src='C:\Users\Abhi\Tenxer\AutoTesting\maven.selenium.testng\screenshot\Tenxer -.jpg' height='100' width='100' /><br>]]>
    </line>
    <line>
      <![CDATA[<a href=C:\Users\Abhi\Tenxer\AutoTesting\maven.selenium.testng\screenshot\Tenxer -.jpg>ScreenShot</a>]]>
    </line>
    <line>
      <![CDATA[tets]]>
    </line>
  </reporter-output>
  <suite started-at="2020-10-21T18:19:49 IST" name="Default suite" finished-at="2020-10-21T18:20:10 IST" duration-ms="20872">
    <groups>
    </groups>
    <test started-at="2020-10-21T18:19:49 IST" name="Default test" finished-at="2020-10-21T18:20:10 IST" duration-ms="20872">
      <class name="solar_Battery_Charger.SolarBatteryChargerTest">
        <test-method is-config="true" signature="setup()[pri:0, instance:solar_Battery_Charger.SolarBatteryChargerTest@50ad3bc1]" started-at="2020-10-21T18:19:50 IST" name="setup" finished-at="2020-10-21T18:20:09 IST" duration-ms="19055" status="PASS">
          <reporter-output>
          </reporter-output>
        </test-method> <!-- setup -->
        <test-method signature="configTest(java.lang.String, java.lang.String, java.lang.String, java.lang.String)[pri:0, instance:solar_Battery_Charger.SolarBatteryChargerTest@50ad3bc1]" started-at="2020-10-21T18:20:09 IST" name="configTest" data-provider="ConfigData" finished-at="2020-10-21T18:20:09 IST" duration-ms="21" status="FAIL">
          <params>
            <param index="0">
              <value>
                <![CDATA[21 V]]>
              </value>
            </param>
            <param index="1">
              <value>
                <![CDATA[3 A]]>
              </value>
            </param>
            <param index="2">
              <value>
                <![CDATA[100 %]]>
              </value>
            </param>
            <param index="3">
              <value>
                <![CDATA[322]]>
              </value>
            </param>
          </params>
          <exception class="java.lang.AssertionError">
            <message>
              <![CDATA[Experiment | expected [false] but found [true]]]>
            </message>
            <full-stacktrace>
              <![CDATA[java.lang.AssertionError: Experiment | expected [false] but found [true]
at org.testng.Assert.fail(Assert.java:99)
at org.testng.Assert.failNotEquals(Assert.java:1037)
at org.testng.Assert.assertFalse(Assert.java:67)
at solar_Battery_Charger.SolarBatteryChargerTest.configTest(SolarBatteryChargerTest.java:538)
at java.base/jdk.internal.reflect.NativeMethodAccessorImpl.invoke0(Native Method)
at java.base/jdk.internal.reflect.NativeMethodAccessorImpl.invoke(NativeMethodAccessorImpl.java:62)
at java.base/jdk.internal.reflect.DelegatingMethodAccessorImpl.invoke(DelegatingMethodAccessorImpl.java:43)
at java.base/java.lang.reflect.Method.invoke(Method.java:564)
at org.testng.internal.MethodInvocationHelper.invokeMethod(MethodInvocationHelper.java:132)
at org.testng.internal.TestInvoker.invokeMethod(TestInvoker.java:599)
at org.testng.internal.TestInvoker.invokeTestMethod(TestInvoker.java:174)
at org.testng.internal.MethodRunner.runInSequence(MethodRunner.java:46)
at org.testng.internal.TestInvoker$MethodInvocationAgent.invoke(TestInvoker.java:822)
at org.testng.internal.TestInvoker.invokeTestMethods(TestInvoker.java:147)
at org.testng.internal.TestMethodWorker.invokeTestMethods(TestMethodWorker.java:146)
at org.testng.internal.TestMethodWorker.run(TestMethodWorker.java:128)
at java.base/java.util.ArrayList.forEach(ArrayList.java:1511)
at org.testng.TestRunner.privateRun(TestRunner.java:764)
at org.testng.TestRunner.run(TestRunner.java:585)
at org.testng.SuiteRunner.runTest(SuiteRunner.java:384)
at org.testng.SuiteRunner.runSequentially(SuiteRunner.java:378)
at org.testng.SuiteRunner.privateRun(SuiteRunner.java:337)
at org.testng.SuiteRunner.run(SuiteRunner.java:286)
at org.testng.SuiteRunnerWorker.runSuite(SuiteRunnerWorker.java:53)
at org.testng.SuiteRunnerWorker.run(SuiteRunnerWorker.java:96)
at org.testng.TestNG.runSuitesSequentially(TestNG.java:1218)
at org.testng.TestNG.runSuitesLocally(TestNG.java:1140)
at org.testng.TestNG.runSuites(TestNG.java:1069)
at org.testng.TestNG.run(TestNG.java:1037)
at org.testng.remote.AbstractRemoteTestNG.run(AbstractRemoteTestNG.java:115)
at org.testng.remote.RemoteTestNG.initAndRun(RemoteTestNG.java:251)
at org.testng.remote.RemoteTestNG.main(RemoteTestNG.java:77)
]]>
            </full-stacktrace>
          </exception> <!-- java.lang.AssertionError -->
          <reporter-output>
          </reporter-output>
        </test-method> <!-- configTest -->
        <test-method is-config="true" signature="destroy(org.testng.ITestResult)[pri:0, instance:solar_Battery_Charger.SolarBatteryChargerTest@50ad3bc1]" started-at="2020-10-21T18:20:09 IST" name="destroy" finished-at="2020-10-21T18:20:10 IST" duration-ms="1091" status="PASS">
          <params>
            <param index="0">
              <value>
                <![CDATA[[TestResult name=configTest status=FAILURE method=SolarBatteryChargerTest.configTest(java.lang.String, java.lang.String, java.lang.String, java.lang.String)[pri:0, instance:solar_Battery_Charger.SolarBatteryChargerTest@50ad3bc1] output={null}]]]>
              </value>
            </param>
          </params>
          <reporter-output>
            <line>
              <![CDATA[<br>  <img src='C:\Users\Abhi\Tenxer\AutoTesting\maven.selenium.testng\screenshot\Tenxer -.jpg' height='100' width='100' /><br>]]>
            </line>
            <line>
              <![CDATA[<a href=C:\Users\Abhi\Tenxer\AutoTesting\maven.selenium.testng\screenshot\Tenxer -.jpg>ScreenShot</a>]]>
            </line>
            <line>
              <![CDATA[tets]]>
            </line>
          </reporter-output>
        </test-method> <!-- destroy -->
      </class> <!-- solar_Battery_Charger.SolarBatteryChargerTest -->
    </test> <!-- Default test -->
  </suite> <!-- Default suite -->
</testng-results>
